e:\cis 164\club paradise\club paradise\x64\debug\vc143.pdb
e:\cis 164\club paradise\club paradise\x64\debug\vc143.idb
e:\cis 164\club paradise\club paradise\x64\debug\table.obj
e:\cis 164\club paradise\club paradise\x64\debug\player.obj
e:\cis 164\club paradise\club paradise\x64\debug\person.obj
e:\cis 164\club paradise\club paradise\x64\debug\deck.obj
e:\cis 164\club paradise\club paradise\x64\debug\dealer.obj
e:\cis 164\club paradise\club paradise\x64\debug\game_driver.obj
e:\cis 164\club paradise\x64\debug\club paradise.exe
e:\cis 164\club paradise\x64\debug\club paradise.pdb
e:\cis 164\club paradise\club paradise\x64\debug\club paradise.ilk
e:\cis 164\club paradise\club paradise\x64\debug\main_tests.obj
e:\cis 164\club paradise\club paradise\x64\debug\club paradise.tlog\cl.command.1.tlog
e:\cis 164\club paradise\club paradise\x64\debug\club paradise.tlog\cl.items.tlog
e:\cis 164\club paradise\club paradise\x64\debug\club paradise.tlog\cl.read.1.tlog
e:\cis 164\club paradise\club paradise\x64\debug\club paradise.tlog\cl.write.1.tlog
e:\cis 164\club paradise\club paradise\x64\debug\club paradise.tlog\link.command.1.tlog
e:\cis 164\club paradise\club paradise\x64\debug\club paradise.tlog\link.read.1.tlog
e:\cis 164\club paradise\club paradise\x64\debug\club paradise.tlog\link.secondary.1.tlog
e:\cis 164\club paradise\club paradise\x64\debug\club paradise.tlog\link.write.1.tlog
